ShroomX/gradleBuild/outputs/logs/manifest-merger-debug-report.txt
-- Merging decision tree log ---
manifest
ADDED from examples/android/AndroidManifest.xml:18:1-69:12
	package
		ADDED from examples/android/AndroidManifest.xml:19:5-34
	xmlns:android
		ADDED from examples/android/AndroidManifest.xml:18:11-69
uses-permission#android.permission.CAMERA
ADDED from examples/android/AndroidManifest.xml:21:5-65
	android:name
		ADDED from examples/android/AndroidManifest.xml:21:22-62
uses-feature#android.hardware.camera
ADDED from examples/android/AndroidManifest.xml:22:5-60
	android:name
		ADDED from examples/android/AndroidManifest.xml:22:19-57
uses-feature#android.hardware.camera.autofocus
ADDED from examples/android/AndroidManifest.xml:23:5-70
	android:name
		ADDED from examples/android/AndroidManifest.xml:23:19-67
uses-permission#android.permission.WRITE_EXTERNAL_STORAGE
ADDED from examples/android/AndroidManifest.xml:24:5-80
	android:name
		ADDED from examples/android/AndroidManifest.xml:24:22-78
uses-permission#android.permission.RECORD_AUDIO
ADDED from examples/android/AndroidManifest.xml:25:5-71
	android:name
		ADDED from examples/android/AndroidManifest.xml:25:22-68
uses-sdk
ADDED from examples/android/AndroidManifest.xml:27:5-29:41
MERGED from [com.android.support:appcompat-v7:26.0.0-alpha1] AndroidManifest.xml:21:5-23:78
MERGED from [com.android.support:animated-vector-drawable:26.0.0-alpha1] AndroidManifest.xml:20:5-44
MERGED from [com.android.support:support-vector-drawable:26.0.0-alpha1] AndroidManifest.xml:20:5-44
MERGED from [com.android.support:support-v4:26.0.0-alpha1] AndroidManifest.xml:21:5-23:54
MERGED from [com.android.support:support-media-compat:26.0.0-alpha1] AndroidManifest.xml:21:5-23:63
MERGED from [com.android.support:support-fragment:26.0.0-alpha1] AndroidManifest.xml:21:5-23:60
MERGED from [com.android.support:support-core-ui:26.0.0-alpha1] AndroidManifest.xml:21:5-23:58
MERGED from [com.android.support:support-core-utils:26.0.0-alpha1] AndroidManifest.xml:21:5-23:61
MERGED from [com.android.support:support-compat:26.0.0-alpha1] AndroidManifest.xml:21:5-23:58
MERGED from [com.android.support.constraint:constraint-layout:1.0.2] AndroidManifest.xml:5:5-7:41
	tools:overrideLibrary
		ADDED from [com.android.support:appcompat-v7:26.0.0-alpha1] AndroidManifest.xml:23:9-75
	android:targetSdkVersion
		ADDED from examples/android/AndroidManifest.xml:29:9-38
	android:minSdkVersion
		ADDED from examples/android/AndroidManifest.xml:28:9-35
application
ADDED from examples/android/AndroidManifest.xml:31:5-66:19
MERGED from [com.android.support:appcompat-v7:26.0.0-alpha1] AndroidManifest.xml:29:5-20
MERGED from [com.android.support:animated-vector-drawable:26.0.0-alpha1] AndroidManifest.xml:26:5-20
MERGED from [com.android.support:support-vector-drawable:26.0.0-alpha1] AndroidManifest.xml:26:5-20
MERGED from [com.android.support:support-v4:26.0.0-alpha1] AndroidManifest.xml:29:5-20
MERGED from [com.android.support:support-media-compat:26.0.0-alpha1] AndroidManifest.xml:29:5-20
MERGED from [com.android.support:support-fragment:26.0.0-alpha1] AndroidManifest.xml:29:5-20
MERGED from [com.android.support:support-core-ui:26.0.0-alpha1] AndroidManifest.xml:29:5-20
MERGED from [com.android.support:support-core-utils:26.0.0-alpha1] AndroidManifest.xml:29:5-20
MERGED from [com.android.support:support-compat:26.0.0-alpha1] AndroidManifest.xml:29:5-20
MERGED from [com.android.support.constraint:constraint-layout:1.0.2] AndroidManifest.xml:9:5-20
	android:label
		ADDED from examples/android/AndroidManifest.xml:32:9-41
	android:allowBackup
		ADDED from examples/android/AndroidManifest.xml:31:18-44
	android:icon
		ADDED from examples/android/AndroidManifest.xml:33:9-45
	android:theme
		ADDED from examples/android/AndroidManifest.xml:34:9-45
activity#org.tensorflow.demo.MainActivity
ADDED from examples/android/AndroidManifest.xml:36:9-45:20
	android:label
		ADDED from examples/android/AndroidManifest.xml:38:13-45
	android:theme
		ADDED from examples/android/AndroidManifest.xml:39:13-69
	android:name
		ADDED from examples/android/AndroidManifest.xml:37:13-41
intent-filter#android.intent.action.MAIN+android.intent.category.LAUNCHER
ADDED from examples/android/AndroidManifest.xml:40:13-44:29
action#android.intent.action.MAIN
ADDED from examples/android/AndroidManifest.xml:41:17-69
	android:name
		ADDED from examples/android/AndroidManifest.xml:41:25-66
category#android.intent.category.LAUNCHER
ADDED from examples/android/AndroidManifest.xml:43:17-77
	android:name
		ADDED from examples/android/AndroidManifest.xml:43:27-74
activity#org.tensorflow.demo.HomeActivity
ADDED from examples/android/AndroidManifest.xml:47:9-51:20
	android:theme
		ADDED from examples/android/AndroidManifest.xml:49:13-51
	android:name
		ADDED from examples/android/AndroidManifest.xml:48:13-41
activity#org.tensorflow.demo.MushroomDetailActivity
ADDED from examples/android/AndroidManifest.xml:52:9-56:20
	android:theme
		ADDED from examples/android/AndroidManifest.xml:54:13-51
	android:name
		ADDED from examples/android/AndroidManifest.xml:53:13-51
activity#org.tensorflow.demo.ClassifierActivity
ADDED from examples/android/AndroidManifest.xml:58:9-65:20
	android:screenOrientation
		ADDED from examples/android/AndroidManifest.xml:59:19-55
	android:name
		ADDED from examples/android/AndroidManifest.xml:58:19-72
meta-data#android.support.VERSION
ADDED from [com.android.support:appcompat-v7:26.0.0-alpha1] AndroidManifest.xml:25:5-27:41
MERGED from [com.android.support:animated-vector-drawable:26.0.0-alpha1] AndroidManifest.xml:22:5-24:41
MERGED from [com.android.support:support-vector-drawable:26.0.0-alpha1] AndroidManifest.xml:22:5-24:41
MERGED from [com.android.support:support-v4:26.0.0-alpha1] AndroidManifest.xml:25:5-27:41
MERGED from [com.android.support:support-media-compat:26.0.0-alpha1] AndroidManifest.xml:25:5-27:41
MERGED from [com.android.support:support-fragment:26.0.0-alpha1] AndroidManifest.xml:25:5-27:41
MERGED from [com.android.support:support-core-ui:26.0.0-alpha1] AndroidManifest.xml:25:5-27:41
MERGED from [com.android.support:support-core-utils:26.0.0-alpha1] AndroidManifest.xml:25:5-27:41
MERGED from [com.android.support:support-compat:26.0.0-alpha1] AndroidManifest.xml:25:5-27:41
	android:value
		ADDED from [com.android.support:appcompat-v7:26.0.0-alpha1] AndroidManifest.xml:27:9-38
	android:name
		ADDED from [com.android.support:appcompat-v7:26.0.0-alpha1] AndroidManifest.xml:26:9-47